<?xml version="1.0" encoding="UTF-8"?>
<!-- Generated by org.testng.reporters.JUnitReportReporter -->
<testsuite skipped="0" hostname="bhajandevi" name="in.lti.day12.ReflectionExample" tests="1" failures="0" timestamp="11 Nov 2020 06:40:40 GMT" time="0.637" errors="0">
  <testcase name="f" time="0.637" classname="in.lti.day12.ReflectionExample"/>
</testsuite> <!-- in.lti.day12.ReflectionExample -->
