<?xml version="1.0" encoding="UTF-8"?>
<!-- Generated by org.testng.reporters.JUnitReportReporter -->
<testsuite skipped="0" hostname="bhajandevi" name="com.lti.day11.CSVExample" tests="1" failures="0" timestamp="10 Nov 2020 12:07:12 GMT" time="0.460" errors="0">
  <testcase name="f" time="0.460" classname="com.lti.day11.CSVExample"/>
</testsuite> <!-- com.lti.day11.CSVExample -->
