<?xml version="1.0" encoding="UTF-8"?>
<!-- Generated by org.testng.reporters.JUnitReportReporter -->
<testsuite skipped="0" hostname="bhajandevi" name="com.lti.day11.GroupingExample" tests="1" failures="0" timestamp="10 Nov 2020 12:41:19 GMT" time="0.549" errors="0">
  <testcase name="test1" time="0.549" classname="com.lti.day11.GroupingExample"/>
</testsuite> <!-- com.lti.day11.GroupingExample -->
