<?xml version="1.0" encoding="UTF-8"?>
<!-- Generated by org.testng.reporters.JUnitReportReporter -->
<testsuite skipped="0" hostname="bhajandevi" name="day10.PropertyExample" tests="1" failures="0" timestamp="2020-11-09T10:52:30 IST" time="6.298" errors="0">
  <testcase name="f" time="6.298" classname="day10.PropertyExample"/>
  <system-out/>
</testsuite> <!-- day10.PropertyExample -->
