<?xml version="1.0" encoding="UTF-8"?>
<!-- Generated by org.testng.reporters.JUnitReportReporter -->
<testsuite skipped="0" hostname="bhajandevi" name="day10.GridExample" tests="2" failures="0" timestamp="2020-11-09T18:19:11 IST" time="35.661" errors="0">
  <testcase name="f" time="21.782" classname="day10.GridExample"/>
  <system-out/>
  <testcase name="f" time="13.879" classname="day10.GridExample"/>
  <system-out/>
</testsuite> <!-- day10.GridExample -->
