<?xml version="1.0" encoding="UTF-8"?>
<!-- Generated by org.testng.reporters.JUnitReportReporter -->
<testsuite skipped="0" hostname="bhajandevi" name="day10.ExcelKeyRunner" tests="5" failures="0" timestamp="2020-11-09T15:26:15 IST" time="7.259" errors="0">
  <testcase name="f" time="0.619" classname="day10.ExcelKeyRunner"/>
  <system-out/>
  <testcase name="f" time="4.011" classname="day10.ExcelKeyRunner"/>
  <system-out/>
  <testcase name="f" time="0.716" classname="day10.ExcelKeyRunner"/>
  <system-out/>
  <testcase name="f" time="0.056" classname="day10.ExcelKeyRunner"/>
  <system-out/>
  <testcase name="f" time="1.857" classname="day10.ExcelKeyRunner"/>
  <system-out/>
</testsuite> <!-- day10.ExcelKeyRunner -->
