<?xml version="1.0" encoding="UTF-8"?>
<!-- Generated by org.testng.reporters.JUnitReportReporter -->
<testsuite skipped="0" hostname="bhajandevi" name="day5.FirstNG" tests="2" failures="0" timestamp="2020-11-04T12:58:03 IST" time="4.132" errors="0">
  <testcase name="bingTest" time="1.384" classname="day5.FirstNG"/>
  <system-out/>
  <testcase name="appleSearchTest" time="2.748" classname="day5.FirstNG"/>
  <system-out/>
</testsuite> <!-- day5.FirstNG -->
