<?xml version="1.0" encoding="UTF-8"?>
<!-- Generated by org.testng.reporters.JUnitReportReporter -->
<testsuite skipped="0" hostname="bhajandevi" name="day8.LinkImageTest" tests="2" failures="0" timestamp="2020-11-06T15:33:25 IST" time="17.065" errors="0">
  <testcase name="printingLinks" time="5.227" classname="day8.LinkImageTest"/>
  <system-out/>
  <testcase name="printingImg" time="11.838" classname="day8.LinkImageTest"/>
  <system-out/>
</testsuite> <!-- day8.LinkImageTest -->
