<?xml version="1.0" encoding="UTF-8"?>
<!-- Generated by org.testng.reporters.JUnitReportReporter -->
<testsuite skipped="0" hostname="bhajandevi" name="day10.KeyRunner" tests="1" failures="0" timestamp="2020-11-09T13:05:52 IST" time="12.596" errors="0">
  <testcase name="f" time="12.596" classname="day10.KeyRunner"/>
  <system-out/>
</testsuite> <!-- day10.KeyRunner -->
