<?xml version="1.0" encoding="UTF-8"?>
<!-- Generated by org.testng.reporters.JUnitReportReporter -->
<testsuite skipped="0" hostname="bhajandevi" name="day7.ClearTrip" tests="1" failures="0" timestamp="2020-11-05T17:55:57 IST" time="18.298" errors="0">
  <testcase name="flightSearch" time="18.298" classname="day7.ClearTrip"/>
  <system-out/>
</testsuite> <!-- day7.ClearTrip -->
