<?xml version="1.0" encoding="UTF-8"?>
<!-- Generated by org.testng.reporters.JUnitReportReporter -->
<testsuite skipped="0" hostname="bhajandevi" name="day9.All_Annotation" tests="3" failures="0" timestamp="2020-11-07T17:32:18 IST" time="0.087" errors="0">
  <testcase name="f1" time="0.075" classname="day9.All_Annotation"/>
  <system-out/>
  <testcase name="f2" time="0.008" classname="day9.All_Annotation"/>
  <system-out/>
  <testcase name="f3" time="0.004" classname="day9.All_Annotation"/>
  <system-out/>
</testsuite> <!-- day9.All_Annotation -->
