<?xml version="1.0" encoding="UTF-8"?>
<!-- Generated by org.testng.reporters.JUnitReportReporter -->
<testsuite skipped="0" hostname="bhajandevi" name="day6.ColorTest" tests="1" failures="0" timestamp="2020-11-04T12:58:03 IST" time="3.934" errors="0">
  <testcase name="colorCheck" time="3.934" classname="day6.ColorTest"/>
  <system-out/>
</testsuite> <!-- day6.ColorTest -->
