<?xml version="1.0" encoding="UTF-8"?>
<!-- Generated by org.testng.reporters.JUnitReportReporter -->
<testsuite skipped="0" hostname="bhajandevi" name="day7.XpathExample" tests="1" failures="0" timestamp="2020-11-05T14:58:17 IST" time="7.241" errors="0">
  <testcase name="f" time="7.241" classname="day7.XpathExample"/>
  <system-out/>
</testsuite> <!-- day7.XpathExample -->
