<?xml version="1.0" encoding="UTF-8"?>
<!-- Generated by org.testng.reporters.JUnitReportReporter -->
<testsuite skipped="0" hostname="bhajandevi" name="day9.DataBase" tests="1" failures="0" timestamp="2020-11-07T15:45:16 IST" time="60.503" errors="0">
  <testcase name="dbConnect" time="60.503" classname="day9.DataBase"/>
  <system-out/>
</testsuite> <!-- day9.DataBase -->
