<?xml version="1.0" encoding="UTF-8"?>
<!-- Generated by org.testng.reporters.JUnitReportReporter -->
<testsuite skipped="0" hostname="bhajandevi" name="day9.PomRunner" tests="2" failures="0" timestamp="2020-11-07T12:03:41 IST" time="45.204" errors="0">
  <testcase name="forgetAccTest" time="23.202" classname="day9.PomRunner"/>
  <system-out/>
  <testcase name="f" time="22.002" classname="day9.PomRunner"/>
  <system-out/>
</testsuite> <!-- day9.PomRunner -->
