<?xml version="1.0" encoding="UTF-8"?>
<!-- Generated by org.testng.reporters.JUnitReportReporter -->
<testsuite skipped="0" hostname="bhajandevi" name="day8.CookieTest" tests="2" failures="0" timestamp="2020-11-06T13:03:06 IST" time="29.382" errors="0">
  <testcase name="cookiePrint" time="2.571" classname="day8.CookieTest"/>
  <system-out/>
  <testcase name="orangeHrmLoginCookieTest" time="26.811" classname="day8.CookieTest"/>
  <system-out/>
</testsuite> <!-- day8.CookieTest -->
